
--- 2025-08-26T15:48:43.553Z debug
🪵  Writing logs to "/Users/egradman/.dotfiles/.wrangler/logs/wrangler-2025-08-26_15-48-43_486.log"
---

--- 2025-08-26T15:48:43.553Z debug
Metrics dispatcher: Posting data {"deviceId":"6dc08ab7-a4c1-48ec-88ae-3d8e342f2979","event":"wrangler command started","timestamp":1756223323553,"properties":{"amplitude_session_id":1756223323548,"amplitude_event_id":0,"wranglerVersion":"4.15.2","osPlatform":"Mac OS","osVersion":"Darwin Kernel Version 24.3.0: Thu Jan  2 20:24:06 PST 2025; root:xnu-11215.81.4~3/RELEASE_ARM64_T8103","nodeVersion":24,"packageManager":"npm","isFirstUsage":false,"configFileType":"jsonc","isCI":false,"isPagesCI":false,"isWorkersCI":false,"isInteractive":true,"hasAssets":false,"argsUsed":["namespace"],"argsCombination":"namespace","command":"wrangler kv namespace create","args":{"xJsonConfig":true,"j":true,"namespace":"<REDACTED>"}}}
---

--- 2025-08-26T15:48:43.557Z debug
.env file not found at ".env". Continuing... For more details, refer to https://developers.cloudflare.com/workers/wrangler/system-environment-variables/
---

--- 2025-08-26T15:48:45.201Z log

 ⛅️ wrangler 4.15.2 (update available [32m4.33.0[39m)
[38;2;255;136;0m-------------------------------------------------------[39m

---

--- 2025-08-26T15:48:45.205Z debug
Checking if domain has Access enabled: dash.cloudflare.com
---

--- 2025-08-26T15:48:45.205Z debug
Access switch not cached for: dash.cloudflare.com
---

--- 2025-08-26T15:48:45.471Z debug
Caching access switch for: dash.cloudflare.com
---

--- 2025-08-26T15:48:45.928Z debug
-- START CF API REQUEST: GET https://api.cloudflare.com/client/v4/memberships?page=1
---

--- 2025-08-26T15:48:45.928Z debug
HEADERS: omitted; set WRANGLER_LOG_SANITIZE=false to include sanitized data
---

--- 2025-08-26T15:48:45.928Z debug
INIT: omitted; set WRANGLER_LOG_SANITIZE=false to include sanitized data
---

--- 2025-08-26T15:48:45.928Z debug
-- END CF API REQUEST
---

--- 2025-08-26T15:48:46.397Z debug
-- START CF API RESPONSE: OK 200
---

--- 2025-08-26T15:48:46.398Z debug
HEADERS: omitted; set WRANGLER_LOG_SANITIZE=false to include sanitized data
---

--- 2025-08-26T15:48:46.398Z debug
RESPONSE: omitted; set WRANGLER_LOG_SANITIZE=false to include sanitized data
---

--- 2025-08-26T15:48:46.398Z debug
-- END CF API RESPONSE
---

--- 2025-08-26T15:48:46.399Z debug
Saving to cache: {"account":{"id":"227f408d15e85dc79a87c754a2e2f7e6","name":"Eric.gradman@gmail.com's Account"}}
---

--- 2025-08-26T15:48:46.400Z log
[38;2;189;91;8m[1mResource location:[22m[39m remote
---

--- 2025-08-26T15:48:46.400Z log
🌀 Creating namespace with title "OAUTH_KV"
---

--- 2025-08-26T15:48:46.401Z debug
-- START CF API REQUEST: POST https://api.cloudflare.com/client/v4/accounts/227f408d15e85dc79a87c754a2e2f7e6/storage/kv/namespaces
---

--- 2025-08-26T15:48:46.401Z debug
HEADERS: omitted; set WRANGLER_LOG_SANITIZE=false to include sanitized data
---

--- 2025-08-26T15:48:46.401Z debug
INIT: omitted; set WRANGLER_LOG_SANITIZE=false to include sanitized data
---

--- 2025-08-26T15:48:46.401Z debug
-- END CF API REQUEST
---

--- 2025-08-26T15:48:47.682Z debug
-- START CF API RESPONSE: OK 200
---

--- 2025-08-26T15:48:47.682Z debug
HEADERS: omitted; set WRANGLER_LOG_SANITIZE=false to include sanitized data
---

--- 2025-08-26T15:48:47.682Z debug
RESPONSE: omitted; set WRANGLER_LOG_SANITIZE=false to include sanitized data
---

--- 2025-08-26T15:48:47.682Z debug
-- END CF API RESPONSE
---

--- 2025-08-26T15:48:47.683Z debug
Metrics dispatcher: Posting data {"deviceId":"6dc08ab7-a4c1-48ec-88ae-3d8e342f2979","event":"create kv namespace","timestamp":1756223327683,"properties":{"category":"Workers","wranglerVersion":"4.15.2","os":"darwin:arm64"}}
---

--- 2025-08-26T15:48:47.684Z log
✨ Success!
---

--- 2025-08-26T15:48:47.684Z log
Add the following to your configuration file in your kv_namespaces array:
---

--- 2025-08-26T15:48:47.685Z log
{
  "kv_namespaces": [
    {
      "binding": "OAUTH_KV",
      "id": "588b073bffd444dd853bdd75ef1ca8ac"
    }
  ]
}
---

--- 2025-08-26T15:48:47.688Z debug
Metrics dispatcher: Posting data {"deviceId":"6dc08ab7-a4c1-48ec-88ae-3d8e342f2979","event":"wrangler command completed","timestamp":1756223327688,"properties":{"amplitude_session_id":1756223323548,"amplitude_event_id":1,"wranglerVersion":"4.15.2","osPlatform":"Mac OS","osVersion":"Darwin Kernel Version 24.3.0: Thu Jan  2 20:24:06 PST 2025; root:xnu-11215.81.4~3/RELEASE_ARM64_T8103","nodeVersion":24,"packageManager":"npm","isFirstUsage":false,"configFileType":"jsonc","isCI":false,"isPagesCI":false,"isWorkersCI":false,"isInteractive":true,"hasAssets":false,"argsUsed":["namespace"],"argsCombination":"namespace","command":"wrangler kv namespace create","args":{"xJsonConfig":true,"j":true,"namespace":"<REDACTED>"},"durationMs":4146,"durationSeconds":4.146,"durationMinutes":0.0691}}
---
